/*C909*/SET SCHEMA PUBLIC
DISCONNECT
/*C907*/SET SCHEMA PUBLIC
DISCONNECT
/*C906*/SET SCHEMA PUBLIC
DISCONNECT
/*C905*/SET SCHEMA PUBLIC
DISCONNECT
/*C904*/SET SCHEMA PUBLIC
DISCONNECT
/*C903*/SET SCHEMA PUBLIC
DISCONNECT
/*C902*/SET SCHEMA PUBLIC
DISCONNECT
/*C900*/SET SCHEMA PUBLIC
DISCONNECT
/*C899*/SET SCHEMA PUBLIC
DISCONNECT
/*C898*/SET SCHEMA PUBLIC
DISCONNECT
/*C897*/SET SCHEMA PUBLIC
DISCONNECT
/*C896*/SET SCHEMA PUBLIC
DISCONNECT
/*C895*/SET SCHEMA PUBLIC
DISCONNECT
/*C894*/SET SCHEMA PUBLIC
DISCONNECT
/*C893*/SET SCHEMA PUBLIC
DISCONNECT
/*C891*/SET SCHEMA PUBLIC
DISCONNECT
/*C890*/SET SCHEMA PUBLIC
DISCONNECT
/*C889*/SET SCHEMA PUBLIC
DISCONNECT
/*C892*/SET SCHEMA PUBLIC
DISCONNECT
/*C888*/SET SCHEMA PUBLIC
DISCONNECT
/*C887*/SET SCHEMA PUBLIC
DISCONNECT
/*C885*/SET SCHEMA PUBLIC
DISCONNECT
/*C886*/SET SCHEMA PUBLIC
DISCONNECT
/*C884*/SET SCHEMA PUBLIC
DISCONNECT
/*C883*/SET SCHEMA PUBLIC
DISCONNECT
/*C882*/SET SCHEMA PUBLIC
DISCONNECT
/*C880*/SET SCHEMA PUBLIC
DISCONNECT
/*C879*/SET SCHEMA PUBLIC
DISCONNECT
/*C878*/SET SCHEMA PUBLIC
DISCONNECT
/*C881*/SET SCHEMA PUBLIC
DISCONNECT
/*C877*/SET SCHEMA PUBLIC
DISCONNECT
/*C876*/SET SCHEMA PUBLIC
DISCONNECT
/*C874*/SET SCHEMA PUBLIC
DISCONNECT
/*C872*/SET SCHEMA PUBLIC
DISCONNECT
/*C875*/SET SCHEMA PUBLIC
DISCONNECT
/*C871*/SET SCHEMA PUBLIC
DISCONNECT
/*C873*/SET SCHEMA PUBLIC
DISCONNECT
/*C870*/SET SCHEMA PUBLIC
DISCONNECT
/*C869*/SET SCHEMA PUBLIC
DISCONNECT
/*C868*/SET SCHEMA PUBLIC
DISCONNECT
/*C867*/SET SCHEMA PUBLIC
DISCONNECT
/*C866*/SET SCHEMA PUBLIC
DISCONNECT
/*C865*/SET SCHEMA PUBLIC
DISCONNECT
/*C864*/SET SCHEMA PUBLIC
DISCONNECT
/*C862*/SET SCHEMA PUBLIC
DISCONNECT
/*C861*/SET SCHEMA PUBLIC
DISCONNECT
/*C863*/SET SCHEMA PUBLIC
DISCONNECT
/*C860*/SET SCHEMA PUBLIC
DISCONNECT
/*C859*/SET SCHEMA PUBLIC
DISCONNECT
/*C804*/SET SCHEMA PUBLIC
DISCONNECT
/*C805*/SET SCHEMA PUBLIC
DISCONNECT
/*C803*/SET SCHEMA PUBLIC
DISCONNECT
/*C801*/SET SCHEMA PUBLIC
DISCONNECT
/*C802*/SET SCHEMA PUBLIC
DISCONNECT
/*C806*/SET SCHEMA PUBLIC
DISCONNECT
/*C800*/SET SCHEMA PUBLIC
DISCONNECT
/*C799*/SET SCHEMA PUBLIC
DISCONNECT
/*C807*/SET SCHEMA PUBLIC
DISCONNECT
/*C798*/SET SCHEMA PUBLIC
DISCONNECT
/*C808*/SET SCHEMA PUBLIC
DISCONNECT
/*C809*/SET SCHEMA PUBLIC
DISCONNECT
/*C810*/SET SCHEMA PUBLIC
DISCONNECT
/*C811*/SET SCHEMA PUBLIC
DISCONNECT
/*C812*/SET SCHEMA PUBLIC
DISCONNECT
/*C813*/SET SCHEMA PUBLIC
DISCONNECT
/*C814*/SET SCHEMA PUBLIC
DISCONNECT
/*C815*/SET SCHEMA PUBLIC
DISCONNECT
/*C816*/SET SCHEMA PUBLIC
DISCONNECT
/*C817*/SET SCHEMA PUBLIC
DISCONNECT
/*C818*/SET SCHEMA PUBLIC
DISCONNECT
/*C819*/SET SCHEMA PUBLIC
DISCONNECT
/*C820*/SET SCHEMA PUBLIC
DISCONNECT
/*C858*/SET SCHEMA PUBLIC
DISCONNECT
/*C821*/SET SCHEMA PUBLIC
DISCONNECT
/*C822*/SET SCHEMA PUBLIC
DISCONNECT
/*C823*/SET SCHEMA PUBLIC
DISCONNECT
/*C824*/SET SCHEMA PUBLIC
DISCONNECT
/*C797*/SET SCHEMA PUBLIC
DISCONNECT
/*C825*/SET SCHEMA PUBLIC
DISCONNECT
/*C796*/SET SCHEMA PUBLIC
DISCONNECT
/*C795*/SET SCHEMA PUBLIC
DISCONNECT
/*C794*/SET SCHEMA PUBLIC
DISCONNECT
/*C826*/SET SCHEMA PUBLIC
DISCONNECT
/*C827*/SET SCHEMA PUBLIC
DISCONNECT
/*C828*/SET SCHEMA PUBLIC
DISCONNECT
/*C789*/SET SCHEMA PUBLIC
DISCONNECT
/*C788*/SET SCHEMA PUBLIC
DISCONNECT
/*C857*/SET SCHEMA PUBLIC
DISCONNECT
/*C856*/SET SCHEMA PUBLIC
DISCONNECT
/*C855*/SET SCHEMA PUBLIC
DISCONNECT
/*C786*/SET SCHEMA PUBLIC
DISCONNECT
/*C829*/SET SCHEMA PUBLIC
DISCONNECT
/*C854*/SET SCHEMA PUBLIC
DISCONNECT
/*C785*/SET SCHEMA PUBLIC
DISCONNECT
/*C853*/SET SCHEMA PUBLIC
DISCONNECT
/*C787*/SET SCHEMA PUBLIC
DISCONNECT
/*C782*/SET SCHEMA PUBLIC
DISCONNECT
/*C781*/SET SCHEMA PUBLIC
DISCONNECT
/*C780*/SET SCHEMA PUBLIC
DISCONNECT
/*C779*/SET SCHEMA PUBLIC
DISCONNECT
/*C784*/SET SCHEMA PUBLIC
DISCONNECT
/*C778*/SET SCHEMA PUBLIC
DISCONNECT
/*C851*/SET SCHEMA PUBLIC
DISCONNECT
/*C850*/SET SCHEMA PUBLIC
DISCONNECT
/*C849*/SET SCHEMA PUBLIC
DISCONNECT
/*C852*/SET SCHEMA PUBLIC
DISCONNECT
/*C777*/SET SCHEMA PUBLIC
DISCONNECT
/*C776*/SET SCHEMA PUBLIC
DISCONNECT
/*C848*/SET SCHEMA PUBLIC
DISCONNECT
/*C847*/SET SCHEMA PUBLIC
DISCONNECT
/*C775*/SET SCHEMA PUBLIC
DISCONNECT
/*C774*/SET SCHEMA PUBLIC
DISCONNECT
/*C773*/SET SCHEMA PUBLIC
DISCONNECT
/*C846*/SET SCHEMA PUBLIC
DISCONNECT
/*C772*/SET SCHEMA PUBLIC
DISCONNECT
/*C771*/SET SCHEMA PUBLIC
DISCONNECT
/*C845*/SET SCHEMA PUBLIC
DISCONNECT
/*C844*/SET SCHEMA PUBLIC
DISCONNECT
/*C770*/SET SCHEMA PUBLIC
DISCONNECT
/*C843*/SET SCHEMA PUBLIC
DISCONNECT
/*C842*/SET SCHEMA PUBLIC
DISCONNECT
/*C769*/SET SCHEMA PUBLIC
DISCONNECT
/*C768*/SET SCHEMA PUBLIC
DISCONNECT
/*C766*/SET SCHEMA PUBLIC
DISCONNECT
/*C767*/SET SCHEMA PUBLIC
DISCONNECT
/*C841*/SET SCHEMA PUBLIC
DISCONNECT
/*C840*/SET SCHEMA PUBLIC
DISCONNECT
/*C839*/SET SCHEMA PUBLIC
DISCONNECT
/*C838*/SET SCHEMA PUBLIC
DISCONNECT
/*C837*/SET SCHEMA PUBLIC
DISCONNECT
/*C836*/SET SCHEMA PUBLIC
DISCONNECT
/*C765*/SET SCHEMA PUBLIC
DISCONNECT
/*C835*/SET SCHEMA PUBLIC
DISCONNECT
/*C834*/SET SCHEMA PUBLIC
DISCONNECT
/*C833*/SET SCHEMA PUBLIC
DISCONNECT
/*C832*/SET SCHEMA PUBLIC
DISCONNECT
/*C831*/SET SCHEMA PUBLIC
DISCONNECT
/*C830*/SET SCHEMA PUBLIC
DISCONNECT
/*C783*/SET SCHEMA PUBLIC
DISCONNECT
/*C790*/SET SCHEMA PUBLIC
DISCONNECT
/*C791*/SET SCHEMA PUBLIC
DISCONNECT
/*C792*/SET SCHEMA PUBLIC
DISCONNECT
/*C793*/SET SCHEMA PUBLIC
DISCONNECT
/*C764*/SET SCHEMA PUBLIC
DISCONNECT
/*C763*/SET SCHEMA PUBLIC
DISCONNECT
/*C762*/SET SCHEMA PUBLIC
DISCONNECT
/*C761*/SET SCHEMA PUBLIC
DISCONNECT
/*C760*/SET SCHEMA PUBLIC
DISCONNECT
/*C759*/SET SCHEMA PUBLIC
DISCONNECT
/*C758*/SET SCHEMA PUBLIC
DISCONNECT
/*C757*/SET SCHEMA PUBLIC
DISCONNECT
/*C756*/SET SCHEMA PUBLIC
DISCONNECT
/*C754*/SET SCHEMA PUBLIC
DISCONNECT
/*C753*/SET SCHEMA PUBLIC
DISCONNECT
/*C755*/SET SCHEMA PUBLIC
DISCONNECT
/*C752*/SET SCHEMA PUBLIC
DISCONNECT
/*C751*/SET SCHEMA PUBLIC
DISCONNECT
/*C749*/SET SCHEMA PUBLIC
DISCONNECT
/*C750*/SET SCHEMA PUBLIC
DISCONNECT
/*C1126*/SET SCHEMA PUBLIC
set schema PUBLIC
DELETE FROM ANNONCES WHERE ID=1
INSERT INTO ANNONCES VALUES(1,'Livre','Neuf, encore sous blister.','admin@epsi.fr','2018-03-07 00:18:46.830000','2018-03-07 00:18:59.887000',17.2E0,0,NULL,NULL,87)
DELETE FROM ANNONCES WHERE ID=2
INSERT INTO ANNONCES VALUES(2,'GameCube','Vol\u00e9e \u00e0 l''EPSI de Nantes','admin@epsi.fr','2018-03-07 00:18:46.830000','2018-03-07 00:18:59.887000',20.0E0,1,NULL,NULL,15)
DELETE FROM ANNONCES WHERE ID=3
INSERT INTO ANNONCES VALUES(3,'Cannette vide','Bah oui','admin@epsi.fr','2018-03-07 00:18:46.830000','2018-03-07 00:18:59.887000',20.0E0,2,NULL,NULL,15)
DELETE FROM ANNONCES WHERE ID=4
INSERT INTO ANNONCES VALUES(4,'Microprocesseur intel','Derni\u00e8re g\u00e9n\u00e9ration, jamais servi;','admin@epsi.fr','2018-03-07 00:18:46.830000','2018-03-07 00:18:59.887000',20.0E0,3,NULL,NULL,15)
COMMIT
DELETE FROM ANNONCES WHERE ID=4
INSERT INTO ANNONCES VALUES(4,'Microprocesseur intel','Derni\u00e8re g\u00e9n\u00e9ration, jamais servi','admin@epsi.fr','2018-03-07 00:18:46.830000','2018-03-07 00:18:59.887000',20.0E0,3,NULL,NULL,15)
COMMIT
DELETE FROM ANNONCES WHERE ID=5
INSERT INTO ANNONCES VALUES(5,'Cl\u00e9 USB 8Go','Appartient \u00e0 un lorem ipsu, dolor sit amet. Consectetur','admin@epsi.fr','2018-03-07 00:18:46.830000','2018-03-07 00:18:59.887000',20.0E0,1,NULL,NULL,15)
COMMIT
DELETE FROM ANNONCES WHERE ID=6
INSERT INTO ANNONCES VALUES(6,'Spam gratuit','Illum omnis suscipit ab. Quo quos praesentium est corporis ullam voluptatem dolores. Error in modi quo. Et consequatur et et pariatur nam possimus. Et officiis quasi corporis. Iusto odio aliquid qui qui magnam id.','admin@epsi.fr','2018-03-07 00:18:46.830000','2018-03-07 00:18:59.887000',20.0E0,1,NULL,NULL,15)
COMMIT
DELETE FROM ANNONCES WHERE ID=7
INSERT INTO ANNONCES VALUES(7,'7','Halala','admin@epsi.fr','2018-03-07 00:18:46.830000','2018-03-07 00:18:59.887000',20.0E0,1,NULL,NULL,5)
DELETE FROM ANNONCES WHERE ID=6
INSERT INTO ANNONCES VALUES(6,'Spam gratuit','Illum omnis suscipit ab. Quo quos praesentium est corporis ullam voluptatem dolores. Error in modi quo. Et consequatur et et pariatur nam possimus. Et officiis quasi corporis. Iusto odio aliquid qui qui magnam id.','admin@epsi.fr','2018-03-07 00:18:46.830000','2018-03-07 00:18:59.887000',20.0E0,1,NULL,NULL,7)
DELETE FROM ANNONCES WHERE ID=8
INSERT INTO ANNONCES VALUES(8,'8','Halala','admin@epsi.fr','2018-03-07 00:18:46.830000','2018-03-07 00:18:59.887000',20.0E0,1,NULL,NULL,11)
DELETE FROM ANNONCES WHERE ID=3
INSERT INTO ANNONCES VALUES(3,'Cannette vide','Bah oui','admin@epsi.fr','2018-03-07 00:18:46.830000','2018-03-07 00:18:59.887000',20.0E0,2,NULL,NULL,5)
DELETE FROM ANNONCES WHERE ID=5
INSERT INTO ANNONCES VALUES(5,'Cl\u00e9 USB 8Go','Appartient \u00e0 un lorem ipsu, dolor sit amet. Consectetur','admin@epsi.fr','2018-03-07 00:18:46.830000','2018-03-07 00:18:59.887000',20.0E0,1,NULL,NULL,823)
DELETE FROM ANNONCES WHERE ID=4
INSERT INTO ANNONCES VALUES(4,'Microprocesseur intel','Derni\u00e8re g\u00e9n\u00e9ration, jamais servi','admin@epsi.fr','2018-03-07 00:18:46.830000','2018-03-07 00:18:59.887000',20.0E0,3,NULL,NULL,12)
COMMIT
DELETE FROM ANNONCES WHERE ID=3
INSERT INTO ANNONCES VALUES(3,'Cannette vide','Bah oui','admin@epsi.fr','2018-03-07 00:18:46.830000','2018-03-07 00:18:59.887000',1.0E0,2,NULL,NULL,5)
DELETE FROM ANNONCES WHERE ID=8
INSERT INTO ANNONCES VALUES(8,'Ipsum','Velit non fuga in qui vel quasi ut mollitia.\u2026','admin@epsi.fr','2018-03-07 00:18:46.830000','2018-03-07 00:18:59.887000',16.3E0,1,NULL,NULL,11)
DELETE FROM ANNONCES WHERE ID=5
INSERT INTO ANNONCES VALUES(5,'Cl\u00e9 USB 8Go','Appartient \u00e0 un lorem ipsu, dolor sit amet. Consectetur','admin@epsi.fr','2018-03-07 00:18:46.830000','2018-03-07 00:18:59.887000',1009.75E0,1,NULL,NULL,823)
DELETE FROM ANNONCES WHERE ID=4
INSERT INTO ANNONCES VALUES(4,'Microprocesseur intel','Derni\u00e8re g\u00e9n\u00e9ration, jamais servi','admin@epsi.fr','2018-03-07 00:18:46.830000','2018-03-07 00:18:59.887000',199.99E0,3,NULL,NULL,12)
DELETE FROM ANNONCES WHERE ID=7
INSERT INTO ANNONCES VALUES(7,'Lorem','Possimus nemo delectus corrupti dolorem molestiae architecto. Dolor qui deserunt modi assumenda.','admin@epsi.fr','2018-03-07 00:18:46.830000','2018-03-07 00:18:59.887000',22.0E0,1,NULL,NULL,5)
DELETE FROM ANNONCES WHERE ID=6
INSERT INTO ANNONCES VALUES(6,'Spam gratuit','Illum omnis suscipit ab. Quo quos praesentium est corporis ullam voluptatem dolores. Error in modi quo. Et consequatur et et pariatur nam possimus. Et officiis quasi corporis. Iusto odio aliquid qui qui magnam id.','admin@epsi.fr','2018-03-07 00:18:46.830000','2018-03-07 00:18:59.887000',1.01E0,1,NULL,NULL,7)
INSERT INTO ANNONCES VALUES(9,'Nocturne','Un super BD neuf, Jamais servi !','admin@epsi.fr','2018-03-16 10:56:19.593000','2018-03-16 10:56:22.601000',175.9E0,1,NULL,NULL,87)
COMMIT
DISCONNECT
